2022-12-07 12:29:09,240 | kiwoom.py | 19 | DEBUG -> Kiwoom() class start.
2022-12-07 12:30:01,319 | kiwoom.py | 739 | DEBUG -> 스크린: 2000, 요청이름: 예수금상세현황요청, tr코드: opw00001 --- [100000] 모의투자 조회완료
2022-12-07 12:30:01,439 | kiwoom.py | 739 | DEBUG -> 스크린: 2000, 요청이름: 계좌평가잔고내역요청, tr코드: opw00018 --- [100000] 모의투자 조회완료
2022-12-07 12:30:01,484 | kiwoom.py | 739 | DEBUG -> 스크린: , 요청이름: , tr코드:  ---  조회가 완료되었습니다.
2022-12-07 12:30:01,486 | kiwoom.py | 474 | DEBUG -> {'005930': {'스크린번호': '5001', '주문용스크린번호': '6001'}}
2022-12-07 12:39:28,021 | kiwoom.py | 19 | DEBUG -> Kiwoom() class start.
2022-12-07 12:39:44,867 | kiwoom.py | 739 | DEBUG -> 스크린: 2000, 요청이름: 예수금상세현황요청, tr코드: opw00001 --- [100000] 모의투자 조회완료
2022-12-07 12:39:44,938 | kiwoom.py | 739 | DEBUG -> 스크린: 2000, 요청이름: 계좌평가잔고내역요청, tr코드: opw00018 --- [100000] 모의투자 조회완료
2022-12-07 12:39:44,968 | kiwoom.py | 739 | DEBUG -> 스크린: , 요청이름: , tr코드:  ---  조회가 완료되었습니다.
2022-12-07 12:39:44,971 | kiwoom.py | 474 | DEBUG -> {'005930': {'스크린번호': '5001', '주문용스크린번호': '6001'}}
2022-12-07 12:42:01,077 | kiwoom.py | 616 | DEBUG -> 매수취소 전달 성공
2022-12-07 12:42:01,104 | kiwoom.py | 739 | DEBUG -> 스크린: 6001, 요청이름: 매수취소, tr코드: KOA_NORMAL_KP_CANCEL --- [100000] 모의투자 취소주문완료
2022-12-07 12:42:29,273 | kiwoom.py | 616 | DEBUG -> 매수취소 전달 성공
2022-12-07 12:42:29,300 | kiwoom.py | 739 | DEBUG -> 스크린: 6001, 요청이름: 매수취소, tr코드: KOA_NORMAL_KP_CANCEL --- [100000] 모의투자 취소주문완료
2022-12-07 12:43:35,269 | kiwoom.py | 616 | DEBUG -> 매수취소 전달 성공
2022-12-07 12:43:35,296 | kiwoom.py | 739 | DEBUG -> 스크린: 6001, 요청이름: 매수취소, tr코드: KOA_NORMAL_KP_CANCEL --- [100000] 모의투자 취소주문완료
2022-12-07 12:45:35,912 | kiwoom.py | 19 | DEBUG -> Kiwoom() class start.
2022-12-07 12:45:45,785 | kiwoom.py | 739 | DEBUG -> 스크린: 2000, 요청이름: 예수금상세현황요청, tr코드: opw00001 --- [100000] 모의투자 조회완료
2022-12-07 12:45:45,876 | kiwoom.py | 739 | DEBUG -> 스크린: 2000, 요청이름: 계좌평가잔고내역요청, tr코드: opw00018 --- [100000] 모의투자 조회완료
2022-12-07 12:45:45,952 | kiwoom.py | 739 | DEBUG -> 스크린: , 요청이름: , tr코드:  ---  조회가 완료되었습니다.
2022-12-07 12:45:45,955 | kiwoom.py | 474 | DEBUG -> {'005930': {'스크린번호': '5001', '주문용스크린번호': '6001'}}
2022-12-07 12:46:06,839 | kiwoom.py | 19 | DEBUG -> Kiwoom() class start.
2022-12-07 12:46:19,219 | kiwoom.py | 739 | DEBUG -> 스크린: 2000, 요청이름: 예수금상세현황요청, tr코드: opw00001 --- [100000] 모의투자 조회완료
2022-12-07 12:46:19,319 | kiwoom.py | 739 | DEBUG -> 스크린: 2000, 요청이름: 계좌평가잔고내역요청, tr코드: opw00018 --- [100000] 모의투자 조회완료
2022-12-07 12:46:19,409 | kiwoom.py | 739 | DEBUG -> 스크린: , 요청이름: , tr코드:  ---  조회가 완료되었습니다.
2022-12-07 12:46:19,411 | kiwoom.py | 474 | DEBUG -> {'005930': {'스크린번호': '5001', '주문용스크린번호': '6001'}}
2022-12-07 12:47:53,826 | kiwoom.py | 616 | DEBUG -> 매수취소 전달 성공
2022-12-07 12:47:53,870 | kiwoom.py | 739 | DEBUG -> 스크린: 6001, 요청이름: 매수취소, tr코드: KOA_NORMAL_KP_CANCEL --- [100000] 모의투자 취소주문완료
2022-12-07 12:47:53,966 | kiwoom.py | 616 | DEBUG -> 매수취소 전달 성공
2022-12-07 12:47:53,970 | kiwoom.py | 616 | DEBUG -> 매수취소 전달 성공
2022-12-07 12:47:53,995 | kiwoom.py | 616 | DEBUG -> 매수취소 전달 성공
2022-12-07 12:47:53,997 | kiwoom.py | 739 | DEBUG -> 스크린: 6001, 요청이름: 매수취소, tr코드: KOA_NORMAL_KP_CANCEL --- [RC4033] 모의투자 정정/취소할 수량이 없습니다.
2022-12-07 12:47:53,998 | kiwoom.py | 739 | DEBUG -> 스크린: 6001, 요청이름: 매수취소, tr코드: KOA_NORMAL_KP_CANCEL --- [RC4033] 모의투자 정정/취소할 수량이 없습니다.
2022-12-07 12:47:54,022 | kiwoom.py | 739 | DEBUG -> 스크린: 6001, 요청이름: 매수취소, tr코드: KOA_NORMAL_KP_CANCEL --- [RC4033] 모의투자 정정/취소할 수량이 없습니다.
2022-12-07 12:48:20,860 | kiwoom.py | 616 | DEBUG -> 매수취소 전달 성공
2022-12-07 12:48:20,889 | kiwoom.py | 739 | DEBUG -> 스크린: 6001, 요청이름: 매수취소, tr코드: KOA_NORMAL_KP_CANCEL --- [100000] 모의투자 취소주문완료
2022-12-07 12:48:20,893 | kiwoom.py | 616 | DEBUG -> 매수취소 전달 성공
2022-12-07 12:48:20,919 | kiwoom.py | 739 | DEBUG -> 스크린: 6001, 요청이름: 매수취소, tr코드: KOA_NORMAL_KP_CANCEL --- [RC4033] 모의투자 정정/취소할 수량이 없습니다.
2022-12-07 13:10:56,833 | kiwoom.py | 19 | DEBUG -> Kiwoom() class start.
2022-12-07 13:11:08,768 | kiwoom.py | 739 | DEBUG -> 스크린: 2000, 요청이름: 예수금상세현황요청, tr코드: opw00001 --- [100000] 모의투자 조회완료
2022-12-07 13:11:08,947 | kiwoom.py | 739 | DEBUG -> 스크린: 2000, 요청이름: 계좌평가잔고내역요청, tr코드: opw00018 --- [100000] 모의투자 조회완료
2022-12-07 13:11:08,993 | kiwoom.py | 739 | DEBUG -> 스크린: , 요청이름: , tr코드:  ---  조회가 완료되었습니다.
2022-12-07 13:11:08,997 | kiwoom.py | 474 | DEBUG -> {'005930': {'스크린번호': '5001', '주문용스크린번호': '6001'}}
2022-12-07 13:14:10,730 | kiwoom.py | 19 | DEBUG -> Kiwoom() class start.
2022-12-07 13:14:23,520 | kiwoom.py | 739 | DEBUG -> 스크린: 2000, 요청이름: 예수금상세현황요청, tr코드: opw00001 --- [100000] 모의투자 조회완료
2022-12-07 13:14:23,606 | kiwoom.py | 739 | DEBUG -> 스크린: 2000, 요청이름: 계좌평가잔고내역요청, tr코드: opw00018 --- [100000] 모의투자 조회완료
2022-12-07 13:14:23,638 | kiwoom.py | 739 | DEBUG -> 스크린: , 요청이름: , tr코드:  ---  조회가 완료되었습니다.
2022-12-07 13:14:23,642 | kiwoom.py | 474 | DEBUG -> {'005930': {'스크린번호': '5001', '주문용스크린번호': '6001'}}
