2022-12-06 09:16:43,682 | kiwoom.py | 19 | DEBUG -> Kiwoom() class start.
2022-12-06 09:17:44,520 | kiwoom.py | 745 | DEBUG -> 스크린: 2000, 요청이름: 예수금상세현황요청, tr코드: opw00001 --- [100000] 모의투자 조회완료
2022-12-06 09:17:44,602 | kiwoom.py | 745 | DEBUG -> 스크린: 2000, 요청이름: 계좌평가잔고내역요청, tr코드: opw00018 --- [100000] 모의투자 조회완료
2022-12-06 09:17:44,633 | kiwoom.py | 745 | DEBUG -> 스크린: , 요청이름: , tr코드:  ---  조회가 완료되었습니다.
2022-12-06 09:17:44,635 | kiwoom.py | 482 | DEBUG -> {'005930': {'스크린번호': '5001', '주문용스크린번호': '6001'}}
2022-12-06 09:24:09,812 | kiwoom.py | 19 | DEBUG -> Kiwoom() class start.
2022-12-06 09:24:20,339 | kiwoom.py | 745 | DEBUG -> 스크린: 2000, 요청이름: 예수금상세현황요청, tr코드: opw00001 --- [100000] 모의투자 조회완료
2022-12-06 09:24:20,411 | kiwoom.py | 745 | DEBUG -> 스크린: 2000, 요청이름: 계좌평가잔고내역요청, tr코드: opw00018 --- [100000] 모의투자 조회완료
2022-12-06 09:24:20,456 | kiwoom.py | 745 | DEBUG -> 스크린: , 요청이름: , tr코드:  ---  조회가 완료되었습니다.
2022-12-06 09:24:20,458 | kiwoom.py | 482 | DEBUG -> {'005930': {'스크린번호': '5001', '주문용스크린번호': '6001'}}
2022-12-06 10:30:52,827 | kiwoom.py | 19 | DEBUG -> Kiwoom() class start.
2022-12-06 10:31:16,878 | kiwoom.py | 745 | DEBUG -> 스크린: 2000, 요청이름: 예수금상세현황요청, tr코드: opw00001 --- [100000] 모의투자 조회완료
2022-12-06 10:31:16,966 | kiwoom.py | 745 | DEBUG -> 스크린: 2000, 요청이름: 계좌평가잔고내역요청, tr코드: opw00018 --- [100000] 모의투자 조회완료
2022-12-06 10:31:16,996 | kiwoom.py | 745 | DEBUG -> 스크린: , 요청이름: , tr코드:  ---  조회가 완료되었습니다.
2022-12-06 10:31:16,998 | kiwoom.py | 482 | DEBUG -> {'005930': {'스크린번호': '5001', '주문용스크린번호': '6001'}}
2022-12-06 12:29:36,190 | kiwoom.py | 19 | DEBUG -> Kiwoom() class start.
2022-12-06 12:29:57,305 | kiwoom.py | 117 | DEBUG -> 계좌번호 : 8035693411
2022-12-06 12:29:59,008 | kiwoom.py | 746 | DEBUG -> 스크린: 2000, 요청이름: 예수금상세현황요청, tr코드: opw00001 --- [100000] 모의투자 조회완료
2022-12-06 12:29:59,081 | kiwoom.py | 746 | DEBUG -> 스크린: 2000, 요청이름: 계좌평가잔고내역요청, tr코드: opw00018 --- [100000] 모의투자 조회완료
2022-12-06 12:29:59,112 | kiwoom.py | 746 | DEBUG -> 스크린: , 요청이름: , tr코드:  ---  조회가 완료되었습니다.
2022-12-06 12:30:09,126 | kiwoom.py | 479 | DEBUG -> {'005930': {'스크린번호': '5001', '주문용스크린번호': '6001'}}
