2022-12-08 14:37:33,784 | kiwoom.py | 19 | DEBUG -> Kiwoom() class start.
2022-12-08 14:38:16,842 | kiwoom.py | 19 | DEBUG -> Kiwoom() class start.
2022-12-08 14:39:08,144 | kiwoom.py | 739 | DEBUG -> 스크린: 2000, 요청이름: 예수금상세현황요청, tr코드: opw00001 --- [100000] 모의투자 조회완료
2022-12-08 14:39:08,215 | kiwoom.py | 739 | DEBUG -> 스크린: 2000, 요청이름: 계좌평가잔고내역요청, tr코드: opw00018 --- [100000] 모의투자 조회완료
2022-12-08 14:39:08,263 | kiwoom.py | 739 | DEBUG -> 스크린: , 요청이름: , tr코드:  ---  조회가 완료되었습니다.
2022-12-08 14:39:08,267 | kiwoom.py | 474 | DEBUG -> {'334700': {'종목명': 'KBSTAR 팔라듐선물인버스(H)', '현재가': 4195, '스크린번호': '5001', '주문용스크린번호': '6001'}, '114800': {'스크린번호': '5001', '주문용스크린번호': '6001'}, '122630': {'스크린번호': '5001', '주문용스크린번호': '6001'}}
2022-12-08 14:41:53,763 | kiwoom.py | 585 | DEBUG -> 매수조건 통과 334700 
2022-12-08 14:41:53,766 | kiwoom.py | 597 | DEBUG -> 매수주문 전달 성공
2022-12-08 14:41:53,794 | kiwoom.py | 739 | DEBUG -> 스크린: 6001, 요청이름: 신규매수, tr코드: KOA_NORMAL_BUY_KP_ORD --- [100000] 모의투자 매수주문완료
2022-12-08 14:41:55,275 | kiwoom.py | 616 | DEBUG -> 매수취소 전달 성공
2022-12-08 14:41:55,287 | kiwoom.py | 739 | DEBUG -> 스크린: 6001, 요청이름: 매수취소, tr코드: KOA_NORMAL_KP_CANCEL --- [100000] 모의투자 취소주문완료
2022-12-08 14:41:58,076 | kiwoom.py | 616 | DEBUG -> 매수취소 전달 성공
2022-12-08 14:41:58,089 | kiwoom.py | 739 | DEBUG -> 스크린: 6001, 요청이름: 매수취소, tr코드: KOA_NORMAL_KP_CANCEL --- [100000] 모의투자 취소주문완료
2022-12-08 14:44:20,861 | kiwoom.py | 585 | DEBUG -> 매수조건 통과 334700 
2022-12-08 14:44:20,865 | kiwoom.py | 597 | DEBUG -> 매수주문 전달 성공
2022-12-08 14:44:20,876 | kiwoom.py | 739 | DEBUG -> 스크린: 6001, 요청이름: 신규매수, tr코드: KOA_NORMAL_BUY_KP_ORD --- [100000] 모의투자 매수주문완료
2022-12-08 14:44:21,763 | kiwoom.py | 616 | DEBUG -> 매수취소 전달 성공
2022-12-08 14:44:21,808 | kiwoom.py | 739 | DEBUG -> 스크린: 6001, 요청이름: 매수취소, tr코드: KOA_NORMAL_KP_CANCEL --- [100000] 모의투자 취소주문완료
2022-12-08 14:58:38,941 | kiwoom.py | 19 | DEBUG -> Kiwoom() class start.
2022-12-08 14:58:48,991 | kiwoom.py | 739 | DEBUG -> 스크린: 2000, 요청이름: 예수금상세현황요청, tr코드: opw00001 --- [100000] 모의투자 조회완료
2022-12-08 14:58:49,070 | kiwoom.py | 739 | DEBUG -> 스크린: 2000, 요청이름: 계좌평가잔고내역요청, tr코드: opw00018 --- [100000] 모의투자 조회완료
2022-12-08 14:58:49,101 | kiwoom.py | 739 | DEBUG -> 스크린: , 요청이름: , tr코드:  ---  조회가 완료되었습니다.
2022-12-08 14:58:49,105 | kiwoom.py | 474 | DEBUG -> {'334700': {'종목명': 'KBSTAR 팔라듐선물인버스(H)', '현재가': 4195, '스크린번호': '5001', '주문용스크린번호': '6001'}, '114800': {'스크린번호': '5001', '주문용스크린번호': '6001'}, '122630': {'스크린번호': '5001', '주문용스크린번호': '6001'}}
2022-12-08 15:33:26,846 | kiwoom.py | 19 | DEBUG -> Kiwoom() class start.
2022-12-08 15:33:47,122 | kiwoom.py | 739 | DEBUG -> 스크린: 2000, 요청이름: 예수금상세현황요청, tr코드: opw00001 --- [100000] 모의투자 조회완료
2022-12-08 15:33:47,185 | kiwoom.py | 739 | DEBUG -> 스크린: 2000, 요청이름: 계좌평가잔고내역요청, tr코드: opw00018 --- [100000] 모의투자 조회완료
2022-12-08 15:33:47,248 | kiwoom.py | 739 | DEBUG -> 스크린: , 요청이름: , tr코드:  ---  조회가 완료되었습니다.
2022-12-08 15:39:38,091 | kiwoom.py | 19 | DEBUG -> Kiwoom() class start.
2022-12-08 15:39:47,159 | kiwoom.py | 739 | DEBUG -> 스크린: 2000, 요청이름: 예수금상세현황요청, tr코드: opw00001 --- [100000] 모의투자 조회완료
2022-12-08 15:39:47,233 | kiwoom.py | 739 | DEBUG -> 스크린: 2000, 요청이름: 계좌평가잔고내역요청, tr코드: opw00018 --- [100000] 모의투자 조회완료
2022-12-08 15:39:47,264 | kiwoom.py | 739 | DEBUG -> 스크린: , 요청이름: , tr코드:  ---  조회가 완료되었습니다.
2022-12-08 15:40:30,283 | kiwoom.py | 19 | DEBUG -> Kiwoom() class start.
2022-12-08 15:40:40,039 | kiwoom.py | 739 | DEBUG -> 스크린: 2000, 요청이름: 예수금상세현황요청, tr코드: opw00001 --- [100000] 모의투자 조회완료
2022-12-08 15:40:40,119 | kiwoom.py | 739 | DEBUG -> 스크린: 2000, 요청이름: 계좌평가잔고내역요청, tr코드: opw00018 --- [100000] 모의투자 조회완료
2022-12-08 15:40:40,150 | kiwoom.py | 739 | DEBUG -> 스크린: , 요청이름: , tr코드:  ---  조회가 완료되었습니다.
2022-12-08 16:10:10,317 | kiwoom.py | 19 | DEBUG -> Kiwoom() class start.
2022-12-08 16:13:59,426 | kiwoom.py | 19 | DEBUG -> Kiwoom() class start.
2022-12-08 16:14:08,241 | kiwoom.py | 739 | DEBUG -> 스크린: 2000, 요청이름: 예수금상세현황요청, tr코드: opw00001 --- [100000] 모의투자 조회완료
2022-12-08 16:14:08,307 | kiwoom.py | 739 | DEBUG -> 스크린: 2000, 요청이름: 계좌평가잔고내역요청, tr코드: opw00018 --- [100000] 모의투자 조회완료
2022-12-08 16:14:08,339 | kiwoom.py | 739 | DEBUG -> 스크린: , 요청이름: , tr코드:  ---  조회가 완료되었습니다.
2022-12-08 17:57:03,125 | kiwoom.py | 474 | DEBUG -> {'334700': {'종목명': 'KBSTAR 팔라듐선물인버스(H)', '현재가': 4195, '스크린번호': '5001', '주문용스크린번호': '6001'}, '114800': {'스크린번호': '5001', '주문용스크린번호': '6001'}, '122630': {'스크린번호': '5001', '주문용스크린번호': '6001'}}
2022-12-08 18:48:42,536 | kiwoom.py | 19 | DEBUG -> Kiwoom() class start.
2022-12-08 18:49:11,711 | kiwoom.py | 739 | DEBUG -> 스크린: 2000, 요청이름: 예수금상세현황요청, tr코드: opw00001 --- [100000] 모의투자 조회완료
2022-12-08 18:49:11,787 | kiwoom.py | 739 | DEBUG -> 스크린: 2000, 요청이름: 계좌평가잔고내역요청, tr코드: opw00018 --- [100000] 모의투자 조회완료
2022-12-08 18:49:11,835 | kiwoom.py | 739 | DEBUG -> 스크린: , 요청이름: , tr코드:  ---  조회가 완료되었습니다.
2022-12-08 20:10:13,280 | kiwoom.py | 19 | DEBUG -> Kiwoom() class start.
2022-12-08 20:10:33,249 | kiwoom.py | 739 | DEBUG -> 스크린: 2000, 요청이름: 예수금상세현황요청, tr코드: opw00001 --- [100000] 모의투자 조회완료
2022-12-08 20:10:33,313 | kiwoom.py | 739 | DEBUG -> 스크린: 2000, 요청이름: 계좌평가잔고내역요청, tr코드: opw00018 --- [100000] 모의투자 조회완료
2022-12-08 20:10:33,343 | kiwoom.py | 739 | DEBUG -> 스크린: , 요청이름: , tr코드:  ---  조회가 완료되었습니다.
2022-12-08 21:52:51,937 | kiwoom.py | 474 | DEBUG -> {'334700': {'종목명': 'KBSTAR 팔라듐선물인버스(H)', '현재가': 4195, '스크린번호': '5001', '주문용스크린번호': '6001'}, '114800': {'스크린번호': '5001', '주문용스크린번호': '6001'}, '122630': {'스크린번호': '5001', '주문용스크린번호': '6001'}}
